<?xml version="1.0" encoding="utf-8"?><testsuites name="pytest tests"><testsuite name="pytest" errors="0" failures="0" skipped="0" tests="4" time="71.198" timestamp="2026-09-11T01:01:11.847709+00:00" hostname="dev-slurm"><testcase classname="tests.test_fwd_full" name="test_fwd_long[T131072]" time="4.649" /><testcase classname="tests.test_fwd_full" name="test_fwd_long[T1048576]" time="30.957" /><testcase classname="tests.test_fwd_full" name="test_fwd_long_varlen[seqs131072]" time="3.885" /><testcase classname="tests.test_fwd_full" name="test_fwd_long_varlen[seqs524288_524288]" time="31.023" /></testsuite></testsuites>