<?xml version="1.0" encoding="utf-8"?><testsuites name="pytest tests"><testsuite name="pytest" errors="0" failures="0" skipped="0" tests="576" time="962.773" timestamp="2026-09-10T15:56:22.014658+00:00" hostname="dev-slurm"><testcase classname="tests.test_fwd_full" name="test_fwd_fixed[in+out-bf16-T16-H1]" time="0.765" /><testcase classname="tests.test_fwd_full" name="test_fwd_fixed[in+out-bf16-T16-H4]" time="0.006" /><testcase classname="tests.test_fwd_full" name="test_fwd_fixed[in+out-bf16-T16-H32]" time="0.019" /><testcase classname="tests.test_fwd_full" name="test_fwd_fixed[in+out-bf16-T16-H96]" time="0.048" /><testcase classname="tests.test_fwd_full" name="test_fwd_fixed[in+out-bf16-T64-H1]" time="0.004" /><testcase classname="tests.test_fwd_full" name="test_fwd_fixed[in+out-bf16-T64-H4]" time="0.010" /><testcase classname="tests.test_fwd_full" name="test_fwd_fixed[in+out-bf16-T64-H32]" time="0.064" /><testcase classname="tests.test_fwd_full" name="test_fwd_fixed[in+out-bf16-T64-H96]" time="0.187" /><testcase classname="tests.test_fwd_full" name="test_fwd_fixed[in+out-bf16-T256-H1]" time="0.010" /><testcase classname="tests.test_fwd_full" name="test_fwd_fixed[in+out-bf16-T256-H4]" time="0.033" /><testcase classname="tests.test_fwd_full" name="test_fwd_fixed[in+out-bf16-T256-H32]" time="0.249" /><testcase classname="tests.test_fwd_full" name="test_fwd_fixed[in+out-bf16-T256-H96]" time="0.739" /><testcase classname="tests.test_fwd_full" name="test_fwd_fixed[in+out-bf16-T1024-H1]" time="0.034" /><testcase classname="tests.test_fwd_full" name="test_fwd_fixed[in+out-bf16-T1024-H4]" time="0.125" /><testcase classname="tests.test_fwd_full" name="test_fwd_fixed[in+out-bf16-T1024-H32]" time="0.972" /><testcase classname="tests.test_fwd_full" name="test_fwd_fixed[in+out-bf16-T1024-H96]" time="2.932" /><testcase classname="tests.test_fwd_full" name="test_fwd_fixed[in+out-bf16-T4096-H1]" time="0.128" /><testcase classname="tests.test_fwd_full" name="test_fwd_fixed[in+out-bf16-T4096-H4]" time="0.491" /><testcase classname="tests.test_fwd_full" name="test_fwd_fixed[in+out-bf16-T4096-H32]" time="3.900" /><testcase classname="tests.test_fwd_full" name="test_fwd_fixed[in+out-bf16-T4096-H96]" time="11.694" /><testcase classname="tests.test_fwd_full" name="test_fwd_fixed[in+out-bf16-T8192-H1]" time="0.253" /><testcase classname="tests.test_fwd_full" name="test_fwd_fixed[in+out-bf16-T8192-H4]" time="0.986" /><testcase classname="tests.test_fwd_full" name="test_fwd_fixed[in+out-bf16-T8192-H32]" time="7.782" /><testcase classname="tests.test_fwd_full" name="test_fwd_fixed[in+out-bf16-T8192-H96]" time="23.363" /><testcase classname="tests.test_fwd_full" name="test_fwd_fixed[in+out-bf16-T17-H1]" time="0.004" /><testcase classname="tests.test_fwd_full" name="test_fwd_fixed[in+out-bf16-T17-H4]" time="0.006" /><testcase classname="tests.test_fwd_full" name="test_fwd_fixed[in+out-bf16-T17-H32]" time="0.034" /><testcase classname="tests.test_fwd_full" name="test_fwd_fixed[in+out-bf16-T17-H96]" time="0.095" /><testcase classname="tests.test_fwd_full" name="test_fwd_fixed[in+out-bf16-T37-H1]" time="0.004" /><testcase classname="tests.test_fwd_full" name="test_fwd_fixed[in+out-bf16-T37-H4]" time="0.008" /><testcase classname="tests.test_fwd_full" name="test_fwd_fixed[in+out-bf16-T37-H32]" time="0.048" /><testcase classname="tests.test_fwd_full" name="test_fwd_fixed[in+out-bf16-T37-H96]" time="0.141" /><testcase classname="tests.test_fwd_full" name="test_fwd_fixed[in+out-bf16-T97-H1]" time="0.006" /><testcase classname="tests.test_fwd_full" name="test_fwd_fixed[in+out-bf16-T97-H4]" time="0.016" /><testcase classname="tests.test_fwd_full" name="test_fwd_fixed[in+out-bf16-T97-H32]" time="0.111" /><testcase classname="tests.test_fwd_full" name="test_fwd_fixed[in+out-bf16-T97-H96]" time="0.326" /><testcase classname="tests.test_fwd_full" name="test_fwd_fixed[in+out-fp32-T16-H1]" time="0.003" /><testcase classname="tests.test_fwd_full" name="test_fwd_fixed[in+out-fp32-T16-H4]" time="0.004" /><testcase classname="tests.test_fwd_full" name="test_fwd_fixed[in+out-fp32-T16-H32]" time="0.018" /><testcase classname="tests.test_fwd_full" name="test_fwd_fixed[in+out-fp32-T16-H96]" time="0.048" /><testcase classname="tests.test_fwd_full" name="test_fwd_fixed[in+out-fp32-T64-H1]" time="0.004" /><testcase classname="tests.test_fwd_full" name="test_fwd_fixed[in+out-fp32-T64-H4]" time="0.010" /><testcase classname="tests.test_fwd_full" name="test_fwd_fixed[in+out-fp32-T64-H32]" time="0.064" /><testcase classname="tests.test_fwd_full" name="test_fwd_fixed[in+out-fp32-T64-H96]" time="0.186" /><testcase classname="tests.test_fwd_full" name="test_fwd_fixed[in+out-fp32-T256-H1]" time="0.010" /><testcase classname="tests.test_fwd_full" name="test_fwd_fixed[in+out-fp32-T256-H4]" time="0.033" /><testcase classname="tests.test_fwd_full" name="test_fwd_fixed[in+out-fp32-T256-H32]" time="0.248" /><testcase classname="tests.test_fwd_full" name="test_fwd_fixed[in+out-fp32-T256-H96]" time="0.741" /><testcase classname="tests.test_fwd_full" name="test_fwd_fixed[in+out-fp32-T1024-H1]" time="0.034" /><testcase classname="tests.test_fwd_full" name="test_fwd_fixed[in+out-fp32-T1024-H4]" time="0.126" /><testcase classname="tests.test_fwd_full" name="test_fwd_fixed[in+out-fp32-T1024-H32]" time="0.983" /><testcase classname="tests.test_fwd_full" name="test_fwd_fixed[in+out-fp32-T1024-H96]" time="2.947" /><testcase classname="tests.test_fwd_full" name="test_fwd_fixed[in+out-fp32-T4096-H1]" time="0.127" /><testcase classname="tests.test_fwd_full" name="test_fwd_fixed[in+out-fp32-T4096-H4]" time="0.496" /><testcase classname="tests.test_fwd_full" name="test_fwd_fixed[in+out-fp32-T4096-H32]" time="3.915" /><testcase classname="tests.test_fwd_full" name="test_fwd_fixed[in+out-fp32-T4096-H96]" time="11.711" /><testcase classname="tests.test_fwd_full" name="test_fwd_fixed[in+out-fp32-T8192-H1]" time="0.251" /><testcase classname="tests.test_fwd_full" name="test_fwd_fixed[in+out-fp32-T8192-H4]" time="0.987" /><testcase classname="tests.test_fwd_full" name="test_fwd_fixed[in+out-fp32-T8192-H32]" time="7.799" /><testcase classname="tests.test_fwd_full" name="test_fwd_fixed[in+out-fp32-T8192-H96]" time="23.477" /><testcase classname="tests.test_fwd_full" name="test_fwd_fixed[in+out-fp32-T17-H1]" time="0.004" /><testcase classname="tests.test_fwd_full" name="test_fwd_fixed[in+out-fp32-T17-H4]" time="0.006" /><testcase classname="tests.test_fwd_full" name="test_fwd_fixed[in+out-fp32-T17-H32]" time="0.034" /><testcase classname="tests.test_fwd_full" name="test_fwd_fixed[in+out-fp32-T17-H96]" time="0.095" /><testcase classname="tests.test_fwd_full" name="test_fwd_fixed[in+out-fp32-T37-H1]" time="0.004" /><testcase classname="tests.test_fwd_full" name="test_fwd_fixed[in+out-fp32-T37-H4]" time="0.008" /><testcase classname="tests.test_fwd_full" name="test_fwd_fixed[in+out-fp32-T37-H32]" time="0.049" /><testcase classname="tests.test_fwd_full" name="test_fwd_fixed[in+out-fp32-T37-H96]" time="0.142" /><testcase classname="tests.test_fwd_full" name="test_fwd_fixed[in+out-fp32-T97-H1]" time="0.006" /><testcase classname="tests.test_fwd_full" name="test_fwd_fixed[in+out-fp32-T97-H4]" time="0.016" /><testcase classname="tests.test_fwd_full" name="test_fwd_fixed[in+out-fp32-T97-H32]" time="0.110" /><testcase classname="tests.test_fwd_full" name="test_fwd_fixed[in+out-fp32-T97-H96]" time="0.326" /><testcase classname="tests.test_fwd_full" name="test_fwd_fixed[in_only-bf16-T16-H1]" time="0.003" /><testcase classname="tests.test_fwd_full" name="test_fwd_fixed[in_only-bf16-T16-H4]" time="0.004" /><testcase classname="tests.test_fwd_full" name="test_fwd_fixed[in_only-bf16-T16-H32]" time="0.017" /><testcase classname="tests.test_fwd_full" name="test_fwd_fixed[in_only-bf16-T16-H96]" time="0.048" /><testcase classname="tests.test_fwd_full" name="test_fwd_fixed[in_only-bf16-T64-H1]" time="0.004" /><testcase classname="tests.test_fwd_full" name="test_fwd_fixed[in_only-bf16-T64-H4]" time="0.010" /><testcase classname="tests.test_fwd_full" name="test_fwd_fixed[in_only-bf16-T64-H32]" time="0.064" /><testcase classname="tests.test_fwd_full" name="test_fwd_fixed[in_only-bf16-T64-H96]" time="0.187" /><testcase classname="tests.test_fwd_full" name="test_fwd_fixed[in_only-bf16-T256-H1]" time="0.010" /><testcase classname="tests.test_fwd_full" name="test_fwd_fixed[in_only-bf16-T256-H4]" time="0.033" /><testcase classname="tests.test_fwd_full" name="test_fwd_fixed[in_only-bf16-T256-H32]" time="0.248" /><testcase classname="tests.test_fwd_full" name="test_fwd_fixed[in_only-bf16-T256-H96]" time="0.737" /><testcase classname="tests.test_fwd_full" name="test_fwd_fixed[in_only-bf16-T1024-H1]" time="0.034" /><testcase classname="tests.test_fwd_full" name="test_fwd_fixed[in_only-bf16-T1024-H4]" time="0.125" /><testcase classname="tests.test_fwd_full" name="test_fwd_fixed[in_only-bf16-T1024-H32]" time="0.984" /><testcase classname="tests.test_fwd_full" name="test_fwd_fixed[in_only-bf16-T1024-H96]" time="2.937" /><testcase classname="tests.test_fwd_full" name="test_fwd_fixed[in_only-bf16-T4096-H1]" time="0.128" /><testcase classname="tests.test_fwd_full" name="test_fwd_fixed[in_only-bf16-T4096-H4]" time="0.496" /><testcase classname="tests.test_fwd_full" name="test_fwd_fixed[in_only-bf16-T4096-H32]" time="3.911" /><testcase classname="tests.test_fwd_full" name="test_fwd_fixed[in_only-bf16-T4096-H96]" time="11.712" /><testcase classname="tests.test_fwd_full" name="test_fwd_fixed[in_only-bf16-T8192-H1]" time="0.255" /><testcase classname="tests.test_fwd_full" name="test_fwd_fixed[in_only-bf16-T8192-H4]" time="0.987" /><testcase classname="tests.test_fwd_full" name="test_fwd_fixed[in_only-bf16-T8192-H32]" time="7.805" /><testcase classname="tests.test_fwd_full" name="test_fwd_fixed[in_only-bf16-T8192-H96]" time="23.433" /><testcase classname="tests.test_fwd_full" name="test_fwd_fixed[in_only-bf16-T17-H1]" time="0.004" /><testcase classname="tests.test_fwd_full" name="test_fwd_fixed[in_only-bf16-T17-H4]" time="0.006" /><testcase classname="tests.test_fwd_full" name="test_fwd_fixed[in_only-bf16-T17-H32]" time="0.033" /><testcase classname="tests.test_fwd_full" name="test_fwd_fixed[in_only-bf16-T17-H96]" time="0.095" /><testcase classname="tests.test_fwd_full" name="test_fwd_fixed[in_only-bf16-T37-H1]" time="0.003" /><testcase classname="tests.test_fwd_full" name="test_fwd_fixed[in_only-bf16-T37-H4]" time="0.008" /><testcase classname="tests.test_fwd_full" name="test_fwd_fixed[in_only-bf16-T37-H32]" time="0.048" /><testcase classname="tests.test_fwd_full" name="test_fwd_fixed[in_only-bf16-T37-H96]" time="0.141" /><testcase classname="tests.test_fwd_full" name="test_fwd_fixed[in_only-bf16-T97-H1]" time="0.006" /><testcase classname="tests.test_fwd_full" name="test_fwd_fixed[in_only-bf16-T97-H4]" time="0.016" /><testcase classname="tests.test_fwd_full" name="test_fwd_fixed[in_only-bf16-T97-H32]" time="0.111" /><testcase classname="tests.test_fwd_full" name="test_fwd_fixed[in_only-bf16-T97-H96]" time="0.326" /><testcase classname="tests.test_fwd_full" name="test_fwd_fixed[in_only-fp32-T16-H1]" time="0.003" /><testcase classname="tests.test_fwd_full" name="test_fwd_fixed[in_only-fp32-T16-H4]" time="0.004" /><testcase classname="tests.test_fwd_full" name="test_fwd_fixed[in_only-fp32-T16-H32]" time="0.018" /><testcase classname="tests.test_fwd_full" name="test_fwd_fixed[in_only-fp32-T16-H96]" time="0.048" /><testcase classname="tests.test_fwd_full" name="test_fwd_fixed[in_only-fp32-T64-H1]" time="0.004" /><testcase classname="tests.test_fwd_full" name="test_fwd_fixed[in_only-fp32-T64-H4]" time="0.010" /><testcase classname="tests.test_fwd_full" name="test_fwd_fixed[in_only-fp32-T64-H32]" time="0.064" /><testcase classname="tests.test_fwd_full" name="test_fwd_fixed[in_only-fp32-T64-H96]" time="0.187" /><testcase classname="tests.test_fwd_full" name="test_fwd_fixed[in_only-fp32-T256-H1]" time="0.010" /><testcase classname="tests.test_fwd_full" name="test_fwd_fixed[in_only-fp32-T256-H4]" time="0.033" /><testcase classname="tests.test_fwd_full" name="test_fwd_fixed[in_only-fp32-T256-H32]" time="0.248" /><testcase classname="tests.test_fwd_full" name="test_fwd_fixed[in_only-fp32-T256-H96]" time="0.737" /><testcase classname="tests.test_fwd_full" name="test_fwd_fixed[in_only-fp32-T1024-H1]" time="0.034" /><testcase classname="tests.test_fwd_full" name="test_fwd_fixed[in_only-fp32-T1024-H4]" time="0.125" /><testcase classname="tests.test_fwd_full" name="test_fwd_fixed[in_only-fp32-T1024-H32]" time="0.985" /><testcase classname="tests.test_fwd_full" name="test_fwd_fixed[in_only-fp32-T1024-H96]" time="2.950" /><testcase classname="tests.test_fwd_full" name="test_fwd_fixed[in_only-fp32-T4096-H1]" time="0.128" /><testcase classname="tests.test_fwd_full" name="test_fwd_fixed[in_only-fp32-T4096-H4]" time="0.498" /><testcase classname="tests.test_fwd_full" name="test_fwd_fixed[in_only-fp32-T4096-H32]" time="3.925" /><testcase classname="tests.test_fwd_full" name="test_fwd_fixed[in_only-fp32-T4096-H96]" time="11.769" /><testcase classname="tests.test_fwd_full" name="test_fwd_fixed[in_only-fp32-T8192-H1]" time="0.255" /><testcase classname="tests.test_fwd_full" name="test_fwd_fixed[in_only-fp32-T8192-H4]" time="0.997" /><testcase classname="tests.test_fwd_full" name="test_fwd_fixed[in_only-fp32-T8192-H32]" time="7.859" /><testcase classname="tests.test_fwd_full" name="test_fwd_fixed[in_only-fp32-T8192-H96]" time="23.623" /><testcase classname="tests.test_fwd_full" name="test_fwd_fixed[in_only-fp32-T17-H1]" time="0.004" /><testcase classname="tests.test_fwd_full" name="test_fwd_fixed[in_only-fp32-T17-H4]" time="0.006" /><testcase classname="tests.test_fwd_full" name="test_fwd_fixed[in_only-fp32-T17-H32]" time="0.034" /><testcase classname="tests.test_fwd_full" name="test_fwd_fixed[in_only-fp32-T17-H96]" time="0.096" /><testcase classname="tests.test_fwd_full" name="test_fwd_fixed[in_only-fp32-T37-H1]" time="0.004" /><testcase classname="tests.test_fwd_full" name="test_fwd_fixed[in_only-fp32-T37-H4]" time="0.008" /><testcase classname="tests.test_fwd_full" name="test_fwd_fixed[in_only-fp32-T37-H32]" time="0.049" /><testcase classname="tests.test_fwd_full" name="test_fwd_fixed[in_only-fp32-T37-H96]" time="0.142" /><testcase classname="tests.test_fwd_full" name="test_fwd_fixed[in_only-fp32-T97-H1]" time="0.006" /><testcase classname="tests.test_fwd_full" name="test_fwd_fixed[in_only-fp32-T97-H4]" time="0.016" /><testcase classname="tests.test_fwd_full" name="test_fwd_fixed[in_only-fp32-T97-H32]" time="0.111" /><testcase classname="tests.test_fwd_full" name="test_fwd_fixed[in_only-fp32-T97-H96]" time="0.330" /><testcase classname="tests.test_fwd_full" name="test_fwd_fixed[out_only-bf16-T16-H1]" time="0.003" /><testcase classname="tests.test_fwd_full" name="test_fwd_fixed[out_only-bf16-T16-H4]" time="0.004" /><testcase classname="tests.test_fwd_full" name="test_fwd_fixed[out_only-bf16-T16-H32]" time="0.018" /><testcase classname="tests.test_fwd_full" name="test_fwd_fixed[out_only-bf16-T16-H96]" time="0.049" /><testcase classname="tests.test_fwd_full" name="test_fwd_fixed[out_only-bf16-T64-H1]" time="0.004" /><testcase classname="tests.test_fwd_full" name="test_fwd_fixed[out_only-bf16-T64-H4]" time="0.010" /><testcase classname="tests.test_fwd_full" name="test_fwd_fixed[out_only-bf16-T64-H32]" time="0.064" /><testcase classname="tests.test_fwd_full" name="test_fwd_fixed[out_only-bf16-T64-H96]" time="0.188" /><testcase classname="tests.test_fwd_full" name="test_fwd_fixed[out_only-bf16-T256-H1]" time="0.010" /><testcase classname="tests.test_fwd_full" name="test_fwd_fixed[out_only-bf16-T256-H4]" time="0.033" /><testcase classname="tests.test_fwd_full" name="test_fwd_fixed[out_only-bf16-T256-H32]" time="0.251" /><testcase classname="tests.test_fwd_full" name="test_fwd_fixed[out_only-bf16-T256-H96]" time="0.746" /><testcase classname="tests.test_fwd_full" name="test_fwd_fixed[out_only-bf16-T1024-H1]" time="0.035" /><testcase classname="tests.test_fwd_full" name="test_fwd_fixed[out_only-bf16-T1024-H4]" time="0.128" /><testcase classname="tests.test_fwd_full" name="test_fwd_fixed[out_only-bf16-T1024-H32]" time="0.990" /><testcase classname="tests.test_fwd_full" name="test_fwd_fixed[out_only-bf16-T1024-H96]" time="2.965" /><testcase classname="tests.test_fwd_full" name="test_fwd_fixed[out_only-bf16-T4096-H1]" time="0.129" /><testcase classname="tests.test_fwd_full" name="test_fwd_fixed[out_only-bf16-T4096-H4]" time="0.497" /><testcase classname="tests.test_fwd_full" name="test_fwd_fixed[out_only-bf16-T4096-H32]" time="3.937" /><testcase classname="tests.test_fwd_full" name="test_fwd_fixed[out_only-bf16-T4096-H96]" time="11.817" /><testcase classname="tests.test_fwd_full" name="test_fwd_fixed[out_only-bf16-T8192-H1]" time="0.255" /><testcase classname="tests.test_fwd_full" name="test_fwd_fixed[out_only-bf16-T8192-H4]" time="0.990" /><testcase classname="tests.test_fwd_full" name="test_fwd_fixed[out_only-bf16-T8192-H32]" time="7.868" /><testcase classname="tests.test_fwd_full" name="test_fwd_fixed[out_only-bf16-T8192-H96]" time="23.541" /><testcase classname="tests.test_fwd_full" name="test_fwd_fixed[out_only-bf16-T17-H1]" time="0.004" /><testcase classname="tests.test_fwd_full" name="test_fwd_fixed[out_only-bf16-T17-H4]" time="0.006" /><testcase classname="tests.test_fwd_full" name="test_fwd_fixed[out_only-bf16-T17-H32]" time="0.033" /><testcase classname="tests.test_fwd_full" name="test_fwd_fixed[out_only-bf16-T17-H96]" time="0.096" /><testcase classname="tests.test_fwd_full" name="test_fwd_fixed[out_only-bf16-T37-H1]" time="0.003" /><testcase classname="tests.test_fwd_full" name="test_fwd_fixed[out_only-bf16-T37-H4]" time="0.008" /><testcase classname="tests.test_fwd_full" name="test_fwd_fixed[out_only-bf16-T37-H32]" time="0.049" /><testcase classname="tests.test_fwd_full" name="test_fwd_fixed[out_only-bf16-T37-H96]" time="0.143" /><testcase classname="tests.test_fwd_full" name="test_fwd_fixed[out_only-bf16-T97-H1]" time="0.006" /><testcase classname="tests.test_fwd_full" name="test_fwd_fixed[out_only-bf16-T97-H4]" time="0.016" /><testcase classname="tests.test_fwd_full" name="test_fwd_fixed[out_only-bf16-T97-H32]" time="0.111" /><testcase classname="tests.test_fwd_full" name="test_fwd_fixed[out_only-bf16-T97-H96]" time="0.330" /><testcase classname="tests.test_fwd_full" name="test_fwd_fixed[out_only-fp32-T16-H1]" time="0.003" /><testcase classname="tests.test_fwd_full" name="test_fwd_fixed[out_only-fp32-T16-H4]" time="0.004" /><testcase classname="tests.test_fwd_full" name="test_fwd_fixed[out_only-fp32-T16-H32]" time="0.018" /><testcase classname="tests.test_fwd_full" name="test_fwd_fixed[out_only-fp32-T16-H96]" time="0.049" /><testcase classname="tests.test_fwd_full" name="test_fwd_fixed[out_only-fp32-T64-H1]" time="0.004" /><testcase classname="tests.test_fwd_full" name="test_fwd_fixed[out_only-fp32-T64-H4]" time="0.010" /><testcase classname="tests.test_fwd_full" name="test_fwd_fixed[out_only-fp32-T64-H32]" time="0.064" /><testcase classname="tests.test_fwd_full" name="test_fwd_fixed[out_only-fp32-T64-H96]" time="0.189" /><testcase classname="tests.test_fwd_full" name="test_fwd_fixed[out_only-fp32-T256-H1]" time="0.011" /><testcase classname="tests.test_fwd_full" name="test_fwd_fixed[out_only-fp32-T256-H4]" time="0.034" /><testcase classname="tests.test_fwd_full" name="test_fwd_fixed[out_only-fp32-T256-H32]" time="0.250" /><testcase classname="tests.test_fwd_full" name="test_fwd_fixed[out_only-fp32-T256-H96]" time="0.742" /><testcase classname="tests.test_fwd_full" name="test_fwd_fixed[out_only-fp32-T1024-H1]" time="0.034" /><testcase classname="tests.test_fwd_full" name="test_fwd_fixed[out_only-fp32-T1024-H4]" time="0.126" /><testcase classname="tests.test_fwd_full" name="test_fwd_fixed[out_only-fp32-T1024-H32]" time="0.992" /><testcase classname="tests.test_fwd_full" name="test_fwd_fixed[out_only-fp32-T1024-H96]" time="2.948" /><testcase classname="tests.test_fwd_full" name="test_fwd_fixed[out_only-fp32-T4096-H1]" time="0.129" /><testcase classname="tests.test_fwd_full" name="test_fwd_fixed[out_only-fp32-T4096-H4]" time="0.499" /><testcase classname="tests.test_fwd_full" name="test_fwd_fixed[out_only-fp32-T4096-H32]" time="3.930" /><testcase classname="tests.test_fwd_full" name="test_fwd_fixed[out_only-fp32-T4096-H96]" time="11.840" /><testcase classname="tests.test_fwd_full" name="test_fwd_fixed[out_only-fp32-T8192-H1]" time="0.254" /><testcase classname="tests.test_fwd_full" name="test_fwd_fixed[out_only-fp32-T8192-H4]" time="0.994" /><testcase classname="tests.test_fwd_full" name="test_fwd_fixed[out_only-fp32-T8192-H32]" time="7.896" /><testcase classname="tests.test_fwd_full" name="test_fwd_fixed[out_only-fp32-T8192-H96]" time="23.495" /><testcase classname="tests.test_fwd_full" name="test_fwd_fixed[out_only-fp32-T17-H1]" time="0.004" /><testcase classname="tests.test_fwd_full" name="test_fwd_fixed[out_only-fp32-T17-H4]" time="0.006" /><testcase classname="tests.test_fwd_full" name="test_fwd_fixed[out_only-fp32-T17-H32]" time="0.033" /><testcase classname="tests.test_fwd_full" name="test_fwd_fixed[out_only-fp32-T17-H96]" time="0.096" /><testcase classname="tests.test_fwd_full" name="test_fwd_fixed[out_only-fp32-T37-H1]" time="0.004" /><testcase classname="tests.test_fwd_full" name="test_fwd_fixed[out_only-fp32-T37-H4]" time="0.008" /><testcase classname="tests.test_fwd_full" name="test_fwd_fixed[out_only-fp32-T37-H32]" time="0.049" /><testcase classname="tests.test_fwd_full" name="test_fwd_fixed[out_only-fp32-T37-H96]" time="0.142" /><testcase classname="tests.test_fwd_full" name="test_fwd_fixed[out_only-fp32-T97-H1]" time="0.006" /><testcase classname="tests.test_fwd_full" name="test_fwd_fixed[out_only-fp32-T97-H4]" time="0.016" /><testcase classname="tests.test_fwd_full" name="test_fwd_fixed[out_only-fp32-T97-H32]" time="0.110" /><testcase classname="tests.test_fwd_full" name="test_fwd_fixed[out_only-fp32-T97-H96]" time="0.326" /><testcase classname="tests.test_fwd_full" name="test_fwd_fixed[no_state-bf16-T16-H1]" time="0.003" /><testcase classname="tests.test_fwd_full" name="test_fwd_fixed[no_state-bf16-T16-H4]" time="0.004" /><testcase classname="tests.test_fwd_full" name="test_fwd_fixed[no_state-bf16-T16-H32]" time="0.017" /><testcase classname="tests.test_fwd_full" name="test_fwd_fixed[no_state-bf16-T16-H96]" time="0.048" /><testcase classname="tests.test_fwd_full" name="test_fwd_fixed[no_state-bf16-T64-H1]" time="0.004" /><testcase classname="tests.test_fwd_full" name="test_fwd_fixed[no_state-bf16-T64-H4]" time="0.010" /><testcase classname="tests.test_fwd_full" name="test_fwd_fixed[no_state-bf16-T64-H32]" time="0.064" /><testcase classname="tests.test_fwd_full" name="test_fwd_fixed[no_state-bf16-T64-H96]" time="0.187" /><testcase classname="tests.test_fwd_full" name="test_fwd_fixed[no_state-bf16-T256-H1]" time="0.010" /><testcase classname="tests.test_fwd_full" name="test_fwd_fixed[no_state-bf16-T256-H4]" time="0.033" /><testcase classname="tests.test_fwd_full" name="test_fwd_fixed[no_state-bf16-T256-H32]" time="0.249" /><testcase classname="tests.test_fwd_full" name="test_fwd_fixed[no_state-bf16-T256-H96]" time="0.740" /><testcase classname="tests.test_fwd_full" name="test_fwd_fixed[no_state-bf16-T1024-H1]" time="0.034" /><testcase classname="tests.test_fwd_full" name="test_fwd_fixed[no_state-bf16-T1024-H4]" time="0.126" /><testcase classname="tests.test_fwd_full" name="test_fwd_fixed[no_state-bf16-T1024-H32]" time="0.986" /><testcase classname="tests.test_fwd_full" name="test_fwd_fixed[no_state-bf16-T1024-H96]" time="2.941" /><testcase classname="tests.test_fwd_full" name="test_fwd_fixed[no_state-bf16-T4096-H1]" time="0.128" /><testcase classname="tests.test_fwd_full" name="test_fwd_fixed[no_state-bf16-T4096-H4]" time="0.495" /><testcase classname="tests.test_fwd_full" name="test_fwd_fixed[no_state-bf16-T4096-H32]" time="3.920" /><testcase classname="tests.test_fwd_full" name="test_fwd_fixed[no_state-bf16-T4096-H96]" time="11.684" /><testcase classname="tests.test_fwd_full" name="test_fwd_fixed[no_state-bf16-T8192-H1]" time="0.252" /><testcase classname="tests.test_fwd_full" name="test_fwd_fixed[no_state-bf16-T8192-H4]" time="0.983" /><testcase classname="tests.test_fwd_full" name="test_fwd_fixed[no_state-bf16-T8192-H32]" time="7.814" /><testcase classname="tests.test_fwd_full" name="test_fwd_fixed[no_state-bf16-T8192-H96]" time="23.374" /><testcase classname="tests.test_fwd_full" name="test_fwd_fixed[no_state-bf16-T17-H1]" time="0.004" /><testcase classname="tests.test_fwd_full" name="test_fwd_fixed[no_state-bf16-T17-H4]" time="0.006" /><testcase classname="tests.test_fwd_full" name="test_fwd_fixed[no_state-bf16-T17-H32]" time="0.033" /><testcase classname="tests.test_fwd_full" name="test_fwd_fixed[no_state-bf16-T17-H96]" time="0.095" /><testcase classname="tests.test_fwd_full" name="test_fwd_fixed[no_state-bf16-T37-H1]" time="0.004" /><testcase classname="tests.test_fwd_full" name="test_fwd_fixed[no_state-bf16-T37-H4]" time="0.008" /><testcase classname="tests.test_fwd_full" name="test_fwd_fixed[no_state-bf16-T37-H32]" time="0.048" /><testcase classname="tests.test_fwd_full" name="test_fwd_fixed[no_state-bf16-T37-H96]" time="0.141" /><testcase classname="tests.test_fwd_full" name="test_fwd_fixed[no_state-bf16-T97-H1]" time="0.006" /><testcase classname="tests.test_fwd_full" name="test_fwd_fixed[no_state-bf16-T97-H4]" time="0.016" /><testcase classname="tests.test_fwd_full" name="test_fwd_fixed[no_state-bf16-T97-H32]" time="0.111" /><testcase classname="tests.test_fwd_full" name="test_fwd_fixed[no_state-bf16-T97-H96]" time="0.326" /><testcase classname="tests.test_fwd_full" name="test_fwd_fixed[no_state-fp32-T16-H1]" time="0.003" /><testcase classname="tests.test_fwd_full" name="test_fwd_fixed[no_state-fp32-T16-H4]" time="0.004" /><testcase classname="tests.test_fwd_full" name="test_fwd_fixed[no_state-fp32-T16-H32]" time="0.018" /><testcase classname="tests.test_fwd_full" name="test_fwd_fixed[no_state-fp32-T16-H96]" time="0.048" /><testcase classname="tests.test_fwd_full" name="test_fwd_fixed[no_state-fp32-T64-H1]" time="0.004" /><testcase classname="tests.test_fwd_full" name="test_fwd_fixed[no_state-fp32-T64-H4]" time="0.010" /><testcase classname="tests.test_fwd_full" name="test_fwd_fixed[no_state-fp32-T64-H32]" time="0.064" /><testcase classname="tests.test_fwd_full" name="test_fwd_fixed[no_state-fp32-T64-H96]" time="0.187" /><testcase classname="tests.test_fwd_full" name="test_fwd_fixed[no_state-fp32-T256-H1]" time="0.010" /><testcase classname="tests.test_fwd_full" name="test_fwd_fixed[no_state-fp32-T256-H4]" time="0.033" /><testcase classname="tests.test_fwd_full" name="test_fwd_fixed[no_state-fp32-T256-H32]" time="0.248" /><testcase classname="tests.test_fwd_full" name="test_fwd_fixed[no_state-fp32-T256-H96]" time="0.737" /><testcase classname="tests.test_fwd_full" name="test_fwd_fixed[no_state-fp32-T1024-H1]" time="0.034" /><testcase classname="tests.test_fwd_full" name="test_fwd_fixed[no_state-fp32-T1024-H4]" time="0.125" /><testcase classname="tests.test_fwd_full" name="test_fwd_fixed[no_state-fp32-T1024-H32]" time="0.981" /><testcase classname="tests.test_fwd_full" name="test_fwd_fixed[no_state-fp32-T1024-H96]" time="2.946" /><testcase classname="tests.test_fwd_full" name="test_fwd_fixed[no_state-fp32-T4096-H1]" time="0.127" /><testcase classname="tests.test_fwd_full" name="test_fwd_fixed[no_state-fp32-T4096-H4]" time="0.495" /><testcase classname="tests.test_fwd_full" name="test_fwd_fixed[no_state-fp32-T4096-H32]" time="3.905" /><testcase classname="tests.test_fwd_full" name="test_fwd_fixed[no_state-fp32-T4096-H96]" time="11.728" /><testcase classname="tests.test_fwd_full" name="test_fwd_fixed[no_state-fp32-T8192-H1]" time="0.252" /><testcase classname="tests.test_fwd_full" name="test_fwd_fixed[no_state-fp32-T8192-H4]" time="0.983" /><testcase classname="tests.test_fwd_full" name="test_fwd_fixed[no_state-fp32-T8192-H32]" time="7.820" /><testcase classname="tests.test_fwd_full" name="test_fwd_fixed[no_state-fp32-T8192-H96]" time="23.456" /><testcase classname="tests.test_fwd_full" name="test_fwd_fixed[no_state-fp32-T17-H1]" time="0.003" /><testcase classname="tests.test_fwd_full" name="test_fwd_fixed[no_state-fp32-T17-H4]" time="0.006" /><testcase classname="tests.test_fwd_full" name="test_fwd_fixed[no_state-fp32-T17-H32]" time="0.033" /><testcase classname="tests.test_fwd_full" name="test_fwd_fixed[no_state-fp32-T17-H96]" time="0.095" /><testcase classname="tests.test_fwd_full" name="test_fwd_fixed[no_state-fp32-T37-H1]" time="0.003" /><testcase classname="tests.test_fwd_full" name="test_fwd_fixed[no_state-fp32-T37-H4]" time="0.008" /><testcase classname="tests.test_fwd_full" name="test_fwd_fixed[no_state-fp32-T37-H32]" time="0.048" /><testcase classname="tests.test_fwd_full" name="test_fwd_fixed[no_state-fp32-T37-H96]" time="0.141" /><testcase classname="tests.test_fwd_full" name="test_fwd_fixed[no_state-fp32-T97-H1]" time="0.006" /><testcase classname="tests.test_fwd_full" name="test_fwd_fixed[no_state-fp32-T97-H4]" time="0.016" /><testcase classname="tests.test_fwd_full" name="test_fwd_fixed[no_state-fp32-T97-H32]" time="0.110" /><testcase classname="tests.test_fwd_full" name="test_fwd_fixed[no_state-fp32-T97-H96]" time="0.325" /><testcase classname="tests.test_fwd_full" name="test_fwd_varlen[in+out-bf16-seqs16-H1]" time="0.004" /><testcase classname="tests.test_fwd_full" name="test_fwd_varlen[in+out-bf16-seqs16-H4]" time="0.004" /><testcase classname="tests.test_fwd_full" name="test_fwd_varlen[in+out-bf16-seqs16-H96]" time="0.048" /><testcase classname="tests.test_fwd_full" name="test_fwd_varlen[in+out-bf16-seqs16_16-H1]" time="0.003" /><testcase classname="tests.test_fwd_full" name="test_fwd_varlen[in+out-bf16-seqs16_16-H4]" time="0.006" /><testcase classname="tests.test_fwd_full" name="test_fwd_varlen[in+out-bf16-seqs16_16-H96]" time="0.095" /><testcase classname="tests.test_fwd_full" name="test_fwd_varlen[in+out-bf16-seqs4_8_12-H1]" time="0.004" /><testcase classname="tests.test_fwd_full" name="test_fwd_varlen[in+out-bf16-seqs4_8_12-H4]" time="0.008" /><testcase classname="tests.test_fwd_full" name="test_fwd_varlen[in+out-bf16-seqs4_8_12-H96]" time="0.141" /><testcase classname="tests.test_fwd_full" name="test_fwd_varlen[in+out-bf16-seqs64_128_256-H1]" time="0.016" /><testcase classname="tests.test_fwd_full" name="test_fwd_varlen[in+out-bf16-seqs64_128_256-H4]" time="0.056" /><testcase classname="tests.test_fwd_full" name="test_fwd_varlen[in+out-bf16-seqs64_128_256-H96]" time="1.286" /><testcase classname="tests.test_fwd_full" name="test_fwd_varlen[in+out-bf16-seqs1300_547_2048_963_271_3063-H1]" time="0.253" /><testcase classname="tests.test_fwd_full" name="test_fwd_varlen[in+out-bf16-seqs1300_547_2048_963_271_3063-H4]" time="0.990" /><testcase classname="tests.test_fwd_full" name="test_fwd_varlen[in+out-bf16-seqs1300_547_2048_963_271_3063-H96]" time="23.550" /><testcase classname="tests.test_fwd_full" name="test_fwd_varlen[in+out-bf16-seqs1024_1024_1024_1024_1024_1024_1024_1024-H1]" time="0.252" /><testcase classname="tests.test_fwd_full" name="test_fwd_varlen[in+out-bf16-seqs1024_1024_1024_1024_1024_1024_1024_1024-H4]" time="0.981" /><testcase classname="tests.test_fwd_full" name="test_fwd_varlen[in+out-bf16-seqs1024_1024_1024_1024_1024_1024_1024_1024-H96]" time="23.450" /><testcase classname="tests.test_fwd_full" name="test_fwd_varlen[in+out-bf16-seqs20_50_100-H1]" time="0.009" /><testcase classname="tests.test_fwd_full" name="test_fwd_varlen[in+out-bf16-seqs20_50_100-H4]" time="0.027" /><testcase classname="tests.test_fwd_full" name="test_fwd_varlen[in+out-bf16-seqs20_50_100-H96]" time="0.601" /><testcase classname="tests.test_fwd_full" name="test_fwd_varlen[in+out-bf16-seqs17_33_65-H1]" time="0.008" /><testcase classname="tests.test_fwd_full" name="test_fwd_varlen[in+out-bf16-seqs17_33_65-H4]" time="0.022" /><testcase classname="tests.test_fwd_full" name="test_fwd_varlen[in+out-bf16-seqs17_33_65-H96]" time="0.464" /><testcase classname="tests.test_fwd_full" name="test_fwd_varlen[in+out-fp32-seqs16-H1]" time="0.003" /><testcase classname="tests.test_fwd_full" name="test_fwd_varlen[in+out-fp32-seqs16-H4]" time="0.004" /><testcase classname="tests.test_fwd_full" name="test_fwd_varlen[in+out-fp32-seqs16-H96]" time="0.048" /><testcase classname="tests.test_fwd_full" name="test_fwd_varlen[in+out-fp32-seqs16_16-H1]" time="0.003" /><testcase classname="tests.test_fwd_full" name="test_fwd_varlen[in+out-fp32-seqs16_16-H4]" time="0.006" /><testcase classname="tests.test_fwd_full" name="test_fwd_varlen[in+out-fp32-seqs16_16-H96]" time="0.094" /><testcase classname="tests.test_fwd_full" name="test_fwd_varlen[in+out-fp32-seqs4_8_12-H1]" time="0.004" /><testcase classname="tests.test_fwd_full" name="test_fwd_varlen[in+out-fp32-seqs4_8_12-H4]" time="0.008" /><testcase classname="tests.test_fwd_full" name="test_fwd_varlen[in+out-fp32-seqs4_8_12-H96]" time="0.142" /><testcase classname="tests.test_fwd_full" name="test_fwd_varlen[in+out-fp32-seqs64_128_256-H1]" time="0.016" /><testcase classname="tests.test_fwd_full" name="test_fwd_varlen[in+out-fp32-seqs64_128_256-H4]" time="0.056" /><testcase classname="tests.test_fwd_full" name="test_fwd_varlen[in+out-fp32-seqs64_128_256-H96]" time="1.285" /><testcase classname="tests.test_fwd_full" name="test_fwd_varlen[in+out-fp32-seqs1300_547_2048_963_271_3063-H1]" time="0.255" /><testcase classname="tests.test_fwd_full" name="test_fwd_varlen[in+out-fp32-seqs1300_547_2048_963_271_3063-H4]" time="0.991" /><testcase classname="tests.test_fwd_full" name="test_fwd_varlen[in+out-fp32-seqs1300_547_2048_963_271_3063-H96]" time="23.522" /><testcase classname="tests.test_fwd_full" name="test_fwd_varlen[in+out-fp32-seqs1024_1024_1024_1024_1024_1024_1024_1024-H1]" time="0.251" /><testcase classname="tests.test_fwd_full" name="test_fwd_varlen[in+out-fp32-seqs1024_1024_1024_1024_1024_1024_1024_1024-H4]" time="0.980" /><testcase classname="tests.test_fwd_full" name="test_fwd_varlen[in+out-fp32-seqs1024_1024_1024_1024_1024_1024_1024_1024-H96]" time="23.387" /><testcase classname="tests.test_fwd_full" name="test_fwd_varlen[in+out-fp32-seqs20_50_100-H1]" time="0.009" /><testcase classname="tests.test_fwd_full" name="test_fwd_varlen[in+out-fp32-seqs20_50_100-H4]" time="0.028" /><testcase classname="tests.test_fwd_full" name="test_fwd_varlen[in+out-fp32-seqs20_50_100-H96]" time="0.603" /><testcase classname="tests.test_fwd_full" name="test_fwd_varlen[in+out-fp32-seqs17_33_65-H1]" time="0.008" /><testcase classname="tests.test_fwd_full" name="test_fwd_varlen[in+out-fp32-seqs17_33_65-H4]" time="0.022" /><testcase classname="tests.test_fwd_full" name="test_fwd_varlen[in+out-fp32-seqs17_33_65-H96]" time="0.465" /><testcase classname="tests.test_fwd_full" name="test_fwd_varlen[in_only-bf16-seqs16-H1]" time="0.003" /><testcase classname="tests.test_fwd_full" name="test_fwd_varlen[in_only-bf16-seqs16-H4]" time="0.005" /><testcase classname="tests.test_fwd_full" name="test_fwd_varlen[in_only-bf16-seqs16-H96]" time="0.048" /><testcase classname="tests.test_fwd_full" name="test_fwd_varlen[in_only-bf16-seqs16_16-H1]" time="0.003" /><testcase classname="tests.test_fwd_full" name="test_fwd_varlen[in_only-bf16-seqs16_16-H4]" time="0.006" /><testcase classname="tests.test_fwd_full" name="test_fwd_varlen[in_only-bf16-seqs16_16-H96]" time="0.095" /><testcase classname="tests.test_fwd_full" name="test_fwd_varlen[in_only-bf16-seqs4_8_12-H1]" time="0.003" /><testcase classname="tests.test_fwd_full" name="test_fwd_varlen[in_only-bf16-seqs4_8_12-H4]" time="0.008" /><testcase classname="tests.test_fwd_full" name="test_fwd_varlen[in_only-bf16-seqs4_8_12-H96]" time="0.141" /><testcase classname="tests.test_fwd_full" name="test_fwd_varlen[in_only-bf16-seqs64_128_256-H1]" time="0.016" /><testcase classname="tests.test_fwd_full" name="test_fwd_varlen[in_only-bf16-seqs64_128_256-H4]" time="0.056" /><testcase classname="tests.test_fwd_full" name="test_fwd_varlen[in_only-bf16-seqs64_128_256-H96]" time="1.286" /><testcase classname="tests.test_fwd_full" name="test_fwd_varlen[in_only-bf16-seqs1300_547_2048_963_271_3063-H1]" time="0.253" /><testcase classname="tests.test_fwd_full" name="test_fwd_varlen[in_only-bf16-seqs1300_547_2048_963_271_3063-H4]" time="0.988" /><testcase classname="tests.test_fwd_full" name="test_fwd_varlen[in_only-bf16-seqs1300_547_2048_963_271_3063-H96]" time="23.532" /><testcase classname="tests.test_fwd_full" name="test_fwd_varlen[in_only-bf16-seqs1024_1024_1024_1024_1024_1024_1024_1024-H1]" time="0.252" /><testcase classname="tests.test_fwd_full" name="test_fwd_varlen[in_only-bf16-seqs1024_1024_1024_1024_1024_1024_1024_1024-H4]" time="0.982" /><testcase classname="tests.test_fwd_full" name="test_fwd_varlen[in_only-bf16-seqs1024_1024_1024_1024_1024_1024_1024_1024-H96]" time="23.454" /><testcase classname="tests.test_fwd_full" name="test_fwd_varlen[in_only-bf16-seqs20_50_100-H1]" time="0.009" /><testcase classname="tests.test_fwd_full" name="test_fwd_varlen[in_only-bf16-seqs20_50_100-H4]" time="0.028" /><testcase classname="tests.test_fwd_full" name="test_fwd_varlen[in_only-bf16-seqs20_50_100-H96]" time="0.604" /><testcase classname="tests.test_fwd_full" name="test_fwd_varlen[in_only-bf16-seqs17_33_65-H1]" time="0.008" /><testcase classname="tests.test_fwd_full" name="test_fwd_varlen[in_only-bf16-seqs17_33_65-H4]" time="0.022" /><testcase classname="tests.test_fwd_full" name="test_fwd_varlen[in_only-bf16-seqs17_33_65-H96]" time="0.465" /><testcase classname="tests.test_fwd_full" name="test_fwd_varlen[in_only-fp32-seqs16-H1]" time="0.003" /><testcase classname="tests.test_fwd_full" name="test_fwd_varlen[in_only-fp32-seqs16-H4]" time="0.004" /><testcase classname="tests.test_fwd_full" name="test_fwd_varlen[in_only-fp32-seqs16-H96]" time="0.048" /><testcase classname="tests.test_fwd_full" name="test_fwd_varlen[in_only-fp32-seqs16_16-H1]" time="0.003" /><testcase classname="tests.test_fwd_full" name="test_fwd_varlen[in_only-fp32-seqs16_16-H4]" time="0.006" /><testcase classname="tests.test_fwd_full" name="test_fwd_varlen[in_only-fp32-seqs16_16-H96]" time="0.095" /><testcase classname="tests.test_fwd_full" name="test_fwd_varlen[in_only-fp32-seqs4_8_12-H1]" time="0.004" /><testcase classname="tests.test_fwd_full" name="test_fwd_varlen[in_only-fp32-seqs4_8_12-H4]" time="0.008" /><testcase classname="tests.test_fwd_full" name="test_fwd_varlen[in_only-fp32-seqs4_8_12-H96]" time="0.142" /><testcase classname="tests.test_fwd_full" name="test_fwd_varlen[in_only-fp32-seqs64_128_256-H1]" time="0.016" /><testcase classname="tests.test_fwd_full" name="test_fwd_varlen[in_only-fp32-seqs64_128_256-H4]" time="0.057" /><testcase classname="tests.test_fwd_full" name="test_fwd_varlen[in_only-fp32-seqs64_128_256-H96]" time="1.293" /><testcase classname="tests.test_fwd_full" name="test_fwd_varlen[in_only-fp32-seqs1300_547_2048_963_271_3063-H1]" time="0.255" /><testcase classname="tests.test_fwd_full" name="test_fwd_varlen[in_only-fp32-seqs1300_547_2048_963_271_3063-H4]" time="0.993" /><testcase classname="tests.test_fwd_full" name="test_fwd_varlen[in_only-fp32-seqs1300_547_2048_963_271_3063-H96]" time="23.637" /><testcase classname="tests.test_fwd_full" name="test_fwd_varlen[in_only-fp32-seqs1024_1024_1024_1024_1024_1024_1024_1024-H1]" time="0.253" /><testcase classname="tests.test_fwd_full" name="test_fwd_varlen[in_only-fp32-seqs1024_1024_1024_1024_1024_1024_1024_1024-H4]" time="0.984" /><testcase classname="tests.test_fwd_full" name="test_fwd_varlen[in_only-fp32-seqs1024_1024_1024_1024_1024_1024_1024_1024-H96]" time="23.502" /><testcase classname="tests.test_fwd_full" name="test_fwd_varlen[in_only-fp32-seqs20_50_100-H1]" time="0.009" /><testcase classname="tests.test_fwd_full" name="test_fwd_varlen[in_only-fp32-seqs20_50_100-H4]" time="0.028" /><testcase classname="tests.test_fwd_full" name="test_fwd_varlen[in_only-fp32-seqs20_50_100-H96]" time="0.601" /><testcase classname="tests.test_fwd_full" name="test_fwd_varlen[in_only-fp32-seqs17_33_65-H1]" time="0.008" /><testcase classname="tests.test_fwd_full" name="test_fwd_varlen[in_only-fp32-seqs17_33_65-H4]" time="0.022" /><testcase classname="tests.test_fwd_full" name="test_fwd_varlen[in_only-fp32-seqs17_33_65-H96]" time="0.466" /><testcase classname="tests.test_fwd_full" name="test_fwd_varlen[out_only-bf16-seqs16-H1]" time="0.003" /><testcase classname="tests.test_fwd_full" name="test_fwd_varlen[out_only-bf16-seqs16-H4]" time="0.004" /><testcase classname="tests.test_fwd_full" name="test_fwd_varlen[out_only-bf16-seqs16-H96]" time="0.048" /><testcase classname="tests.test_fwd_full" name="test_fwd_varlen[out_only-bf16-seqs16_16-H1]" time="0.003" /><testcase classname="tests.test_fwd_full" name="test_fwd_varlen[out_only-bf16-seqs16_16-H4]" time="0.006" /><testcase classname="tests.test_fwd_full" name="test_fwd_varlen[out_only-bf16-seqs16_16-H96]" time="0.095" /><testcase classname="tests.test_fwd_full" name="test_fwd_varlen[out_only-bf16-seqs4_8_12-H1]" time="0.004" /><testcase classname="tests.test_fwd_full" name="test_fwd_varlen[out_only-bf16-seqs4_8_12-H4]" time="0.008" /><testcase classname="tests.test_fwd_full" name="test_fwd_varlen[out_only-bf16-seqs4_8_12-H96]" time="0.142" /><testcase classname="tests.test_fwd_full" name="test_fwd_varlen[out_only-bf16-seqs64_128_256-H1]" time="0.016" /><testcase classname="tests.test_fwd_full" name="test_fwd_varlen[out_only-bf16-seqs64_128_256-H4]" time="0.057" /><testcase classname="tests.test_fwd_full" name="test_fwd_varlen[out_only-bf16-seqs64_128_256-H96]" time="1.292" /><testcase classname="tests.test_fwd_full" name="test_fwd_varlen[out_only-bf16-seqs1300_547_2048_963_271_3063-H1]" time="0.255" /><testcase classname="tests.test_fwd_full" name="test_fwd_varlen[out_only-bf16-seqs1300_547_2048_963_271_3063-H4]" time="0.992" /><testcase classname="tests.test_fwd_full" name="test_fwd_varlen[out_only-bf16-seqs1300_547_2048_963_271_3063-H96]" time="23.646" /><testcase classname="tests.test_fwd_full" name="test_fwd_varlen[out_only-bf16-seqs1024_1024_1024_1024_1024_1024_1024_1024-H1]" time="0.253" /><testcase classname="tests.test_fwd_full" name="test_fwd_varlen[out_only-bf16-seqs1024_1024_1024_1024_1024_1024_1024_1024-H4]" time="0.985" /><testcase classname="tests.test_fwd_full" name="test_fwd_varlen[out_only-bf16-seqs1024_1024_1024_1024_1024_1024_1024_1024-H96]" time="23.455" /><testcase classname="tests.test_fwd_full" name="test_fwd_varlen[out_only-bf16-seqs20_50_100-H1]" time="0.009" /><testcase classname="tests.test_fwd_full" name="test_fwd_varlen[out_only-bf16-seqs20_50_100-H4]" time="0.028" /><testcase classname="tests.test_fwd_full" name="test_fwd_varlen[out_only-bf16-seqs20_50_100-H96]" time="0.603" /><testcase classname="tests.test_fwd_full" name="test_fwd_varlen[out_only-bf16-seqs17_33_65-H1]" time="0.008" /><testcase classname="tests.test_fwd_full" name="test_fwd_varlen[out_only-bf16-seqs17_33_65-H4]" time="0.022" /><testcase classname="tests.test_fwd_full" name="test_fwd_varlen[out_only-bf16-seqs17_33_65-H96]" time="0.467" /><testcase classname="tests.test_fwd_full" name="test_fwd_varlen[out_only-fp32-seqs16-H1]" time="0.003" /><testcase classname="tests.test_fwd_full" name="test_fwd_varlen[out_only-fp32-seqs16-H4]" time="0.004" /><testcase classname="tests.test_fwd_full" name="test_fwd_varlen[out_only-fp32-seqs16-H96]" time="0.048" /><testcase classname="tests.test_fwd_full" name="test_fwd_varlen[out_only-fp32-seqs16_16-H1]" time="0.003" /><testcase classname="tests.test_fwd_full" name="test_fwd_varlen[out_only-fp32-seqs16_16-H4]" time="0.006" /><testcase classname="tests.test_fwd_full" name="test_fwd_varlen[out_only-fp32-seqs16_16-H96]" time="0.095" /><testcase classname="tests.test_fwd_full" name="test_fwd_varlen[out_only-fp32-seqs4_8_12-H1]" time="0.004" /><testcase classname="tests.test_fwd_full" name="test_fwd_varlen[out_only-fp32-seqs4_8_12-H4]" time="0.008" /><testcase classname="tests.test_fwd_full" name="test_fwd_varlen[out_only-fp32-seqs4_8_12-H96]" time="0.142" /><testcase classname="tests.test_fwd_full" name="test_fwd_varlen[out_only-fp32-seqs64_128_256-H1]" time="0.016" /><testcase classname="tests.test_fwd_full" name="test_fwd_varlen[out_only-fp32-seqs64_128_256-H4]" time="0.057" /><testcase classname="tests.test_fwd_full" name="test_fwd_varlen[out_only-fp32-seqs64_128_256-H96]" time="1.294" /><testcase classname="tests.test_fwd_full" name="test_fwd_varlen[out_only-fp32-seqs1300_547_2048_963_271_3063-H1]" time="0.256" /><testcase classname="tests.test_fwd_full" name="test_fwd_varlen[out_only-fp32-seqs1300_547_2048_963_271_3063-H4]" time="0.997" /><testcase classname="tests.test_fwd_full" name="test_fwd_varlen[out_only-fp32-seqs1300_547_2048_963_271_3063-H96]" time="23.645" /><testcase classname="tests.test_fwd_full" name="test_fwd_varlen[out_only-fp32-seqs1024_1024_1024_1024_1024_1024_1024_1024-H1]" time="0.253" /><testcase classname="tests.test_fwd_full" name="test_fwd_varlen[out_only-fp32-seqs1024_1024_1024_1024_1024_1024_1024_1024-H4]" time="0.988" /><testcase classname="tests.test_fwd_full" name="test_fwd_varlen[out_only-fp32-seqs1024_1024_1024_1024_1024_1024_1024_1024-H96]" time="23.450" /><testcase classname="tests.test_fwd_full" name="test_fwd_varlen[out_only-fp32-seqs20_50_100-H1]" time="0.009" /><testcase classname="tests.test_fwd_full" name="test_fwd_varlen[out_only-fp32-seqs20_50_100-H4]" time="0.027" /><testcase classname="tests.test_fwd_full" name="test_fwd_varlen[out_only-fp32-seqs20_50_100-H96]" time="0.602" /><testcase classname="tests.test_fwd_full" name="test_fwd_varlen[out_only-fp32-seqs17_33_65-H1]" time="0.008" /><testcase classname="tests.test_fwd_full" name="test_fwd_varlen[out_only-fp32-seqs17_33_65-H4]" time="0.022" /><testcase classname="tests.test_fwd_full" name="test_fwd_varlen[out_only-fp32-seqs17_33_65-H96]" time="0.465" /><testcase classname="tests.test_fwd_full" name="test_fwd_varlen[no_state-bf16-seqs16-H1]" time="0.003" /><testcase classname="tests.test_fwd_full" name="test_fwd_varlen[no_state-bf16-seqs16-H4]" time="0.004" /><testcase classname="tests.test_fwd_full" name="test_fwd_varlen[no_state-bf16-seqs16-H96]" time="0.048" /><testcase classname="tests.test_fwd_full" name="test_fwd_varlen[no_state-bf16-seqs16_16-H1]" time="0.003" /><testcase classname="tests.test_fwd_full" name="test_fwd_varlen[no_state-bf16-seqs16_16-H4]" time="0.006" /><testcase classname="tests.test_fwd_full" name="test_fwd_varlen[no_state-bf16-seqs16_16-H96]" time="0.095" /><testcase classname="tests.test_fwd_full" name="test_fwd_varlen[no_state-bf16-seqs4_8_12-H1]" time="0.003" /><testcase classname="tests.test_fwd_full" name="test_fwd_varlen[no_state-bf16-seqs4_8_12-H4]" time="0.008" /><testcase classname="tests.test_fwd_full" name="test_fwd_varlen[no_state-bf16-seqs4_8_12-H96]" time="0.142" /><testcase classname="tests.test_fwd_full" name="test_fwd_varlen[no_state-bf16-seqs64_128_256-H1]" time="0.016" /><testcase classname="tests.test_fwd_full" name="test_fwd_varlen[no_state-bf16-seqs64_128_256-H4]" time="0.056" /><testcase classname="tests.test_fwd_full" name="test_fwd_varlen[no_state-bf16-seqs64_128_256-H96]" time="1.292" /><testcase classname="tests.test_fwd_full" name="test_fwd_varlen[no_state-bf16-seqs1300_547_2048_963_271_3063-H1]" time="0.254" /><testcase classname="tests.test_fwd_full" name="test_fwd_varlen[no_state-bf16-seqs1300_547_2048_963_271_3063-H4]" time="0.993" /><testcase classname="tests.test_fwd_full" name="test_fwd_varlen[no_state-bf16-seqs1300_547_2048_963_271_3063-H96]" time="23.703" /><testcase classname="tests.test_fwd_full" name="test_fwd_varlen[no_state-bf16-seqs1024_1024_1024_1024_1024_1024_1024_1024-H1]" time="0.253" /><testcase classname="tests.test_fwd_full" name="test_fwd_varlen[no_state-bf16-seqs1024_1024_1024_1024_1024_1024_1024_1024-H4]" time="0.988" /><testcase classname="tests.test_fwd_full" name="test_fwd_varlen[no_state-bf16-seqs1024_1024_1024_1024_1024_1024_1024_1024-H96]" time="23.567" /><testcase classname="tests.test_fwd_full" name="test_fwd_varlen[no_state-bf16-seqs20_50_100-H1]" time="0.009" /><testcase classname="tests.test_fwd_full" name="test_fwd_varlen[no_state-bf16-seqs20_50_100-H4]" time="0.028" /><testcase classname="tests.test_fwd_full" name="test_fwd_varlen[no_state-bf16-seqs20_50_100-H96]" time="0.605" /><testcase classname="tests.test_fwd_full" name="test_fwd_varlen[no_state-bf16-seqs17_33_65-H1]" time="0.008" /><testcase classname="tests.test_fwd_full" name="test_fwd_varlen[no_state-bf16-seqs17_33_65-H4]" time="0.022" /><testcase classname="tests.test_fwd_full" name="test_fwd_varlen[no_state-bf16-seqs17_33_65-H96]" time="0.468" /><testcase classname="tests.test_fwd_full" name="test_fwd_varlen[no_state-fp32-seqs16-H1]" time="0.003" /><testcase classname="tests.test_fwd_full" name="test_fwd_varlen[no_state-fp32-seqs16-H4]" time="0.004" /><testcase classname="tests.test_fwd_full" name="test_fwd_varlen[no_state-fp32-seqs16-H96]" time="0.048" /><testcase classname="tests.test_fwd_full" name="test_fwd_varlen[no_state-fp32-seqs16_16-H1]" time="0.003" /><testcase classname="tests.test_fwd_full" name="test_fwd_varlen[no_state-fp32-seqs16_16-H4]" time="0.006" /><testcase classname="tests.test_fwd_full" name="test_fwd_varlen[no_state-fp32-seqs16_16-H96]" time="0.095" /><testcase classname="tests.test_fwd_full" name="test_fwd_varlen[no_state-fp32-seqs4_8_12-H1]" time="0.004" /><testcase classname="tests.test_fwd_full" name="test_fwd_varlen[no_state-fp32-seqs4_8_12-H4]" time="0.008" /><testcase classname="tests.test_fwd_full" name="test_fwd_varlen[no_state-fp32-seqs4_8_12-H96]" time="0.143" /><testcase classname="tests.test_fwd_full" name="test_fwd_varlen[no_state-fp32-seqs64_128_256-H1]" time="0.016" /><testcase classname="tests.test_fwd_full" name="test_fwd_varlen[no_state-fp32-seqs64_128_256-H4]" time="0.057" /><testcase classname="tests.test_fwd_full" name="test_fwd_varlen[no_state-fp32-seqs64_128_256-H96]" time="1.296" /><testcase classname="tests.test_fwd_full" name="test_fwd_varlen[no_state-fp32-seqs1300_547_2048_963_271_3063-H1]" time="0.255" /><testcase classname="tests.test_fwd_full" name="test_fwd_varlen[no_state-fp32-seqs1300_547_2048_963_271_3063-H4]" time="0.997" /><testcase classname="tests.test_fwd_full" name="test_fwd_varlen[no_state-fp32-seqs1300_547_2048_963_271_3063-H96]" time="23.737" /><testcase classname="tests.test_fwd_full" name="test_fwd_varlen[no_state-fp32-seqs1024_1024_1024_1024_1024_1024_1024_1024-H1]" time="0.254" /><testcase classname="tests.test_fwd_full" name="test_fwd_varlen[no_state-fp32-seqs1024_1024_1024_1024_1024_1024_1024_1024-H4]" time="0.987" /><testcase classname="tests.test_fwd_full" name="test_fwd_varlen[no_state-fp32-seqs1024_1024_1024_1024_1024_1024_1024_1024-H96]" time="23.471" /><testcase classname="tests.test_fwd_full" name="test_fwd_varlen[no_state-fp32-seqs20_50_100-H1]" time="0.009" /><testcase classname="tests.test_fwd_full" name="test_fwd_varlen[no_state-fp32-seqs20_50_100-H4]" time="0.027" /><testcase classname="tests.test_fwd_full" name="test_fwd_varlen[no_state-fp32-seqs20_50_100-H96]" time="0.601" /><testcase classname="tests.test_fwd_full" name="test_fwd_varlen[no_state-fp32-seqs17_33_65-H1]" time="0.008" /><testcase classname="tests.test_fwd_full" name="test_fwd_varlen[no_state-fp32-seqs17_33_65-H4]" time="0.022" /><testcase classname="tests.test_fwd_full" name="test_fwd_varlen[no_state-fp32-seqs17_33_65-H96]" time="0.465" /><testcase classname="tests.test_fwd_full" name="test_fwd_batched[in+out-bf16-B2_T64-H1]" time="0.007" /><testcase classname="tests.test_fwd_full" name="test_fwd_batched[in+out-bf16-B2_T64-H4]" time="0.018" /><testcase classname="tests.test_fwd_full" name="test_fwd_batched[in+out-bf16-B2_T64-H96]" time="0.372" /><testcase classname="tests.test_fwd_full" name="test_fwd_batched[in+out-bf16-B2_T1024-H1]" time="0.066" /><testcase classname="tests.test_fwd_full" name="test_fwd_batched[in+out-bf16-B2_T1024-H4]" time="0.249" /><testcase classname="tests.test_fwd_full" name="test_fwd_batched[in+out-bf16-B2_T1024-H96]" time="5.887" /><testcase classname="tests.test_fwd_full" name="test_fwd_batched[in+out-bf16-B4_T256-H1]" time="0.034" /><testcase classname="tests.test_fwd_full" name="test_fwd_batched[in+out-bf16-B4_T256-H4]" time="0.125" /><testcase classname="tests.test_fwd_full" name="test_fwd_batched[in+out-bf16-B4_T256-H96]" time="2.945" /><testcase classname="tests.test_fwd_full" name="test_fwd_batched[in+out-bf16-B8_T128-H1]" time="0.034" /><testcase classname="tests.test_fwd_full" name="test_fwd_batched[in+out-bf16-B8_T128-H4]" time="0.126" /><testcase classname="tests.test_fwd_full" name="test_fwd_batched[in+out-bf16-B8_T128-H96]" time="2.943" /><testcase classname="tests.test_fwd_full" name="test_fwd_batched[in+out-fp32-B2_T64-H1]" time="0.007" /><testcase classname="tests.test_fwd_full" name="test_fwd_batched[in+out-fp32-B2_T64-H4]" time="0.018" /><testcase classname="tests.test_fwd_full" name="test_fwd_batched[in+out-fp32-B2_T64-H96]" time="0.373" /><testcase classname="tests.test_fwd_full" name="test_fwd_batched[in+out-fp32-B2_T1024-H1]" time="0.066" /><testcase classname="tests.test_fwd_full" name="test_fwd_batched[in+out-fp32-B2_T1024-H4]" time="0.250" /><testcase classname="tests.test_fwd_full" name="test_fwd_batched[in+out-fp32-B2_T1024-H96]" time="5.896" /><testcase classname="tests.test_fwd_full" name="test_fwd_batched[in+out-fp32-B4_T256-H1]" time="0.035" /><testcase classname="tests.test_fwd_full" name="test_fwd_batched[in+out-fp32-B4_T256-H4]" time="0.126" /><testcase classname="tests.test_fwd_full" name="test_fwd_batched[in+out-fp32-B4_T256-H96]" time="2.948" /><testcase classname="tests.test_fwd_full" name="test_fwd_batched[in+out-fp32-B8_T128-H1]" time="0.035" /><testcase classname="tests.test_fwd_full" name="test_fwd_batched[in+out-fp32-B8_T128-H4]" time="0.126" /><testcase classname="tests.test_fwd_full" name="test_fwd_batched[in+out-fp32-B8_T128-H96]" time="2.957" /><testcase classname="tests.test_fwd_full" name="test_fwd_batched[in_only-bf16-B2_T64-H1]" time="0.007" /><testcase classname="tests.test_fwd_full" name="test_fwd_batched[in_only-bf16-B2_T64-H4]" time="0.018" /><testcase classname="tests.test_fwd_full" name="test_fwd_batched[in_only-bf16-B2_T64-H96]" time="0.374" /><testcase classname="tests.test_fwd_full" name="test_fwd_batched[in_only-bf16-B2_T1024-H1]" time="0.066" /><testcase classname="tests.test_fwd_full" name="test_fwd_batched[in_only-bf16-B2_T1024-H4]" time="0.250" /><testcase classname="tests.test_fwd_full" name="test_fwd_batched[in_only-bf16-B2_T1024-H96]" time="5.908" /><testcase classname="tests.test_fwd_full" name="test_fwd_batched[in_only-bf16-B4_T256-H1]" time="0.034" /><testcase classname="tests.test_fwd_full" name="test_fwd_batched[in_only-bf16-B4_T256-H4]" time="0.126" /><testcase classname="tests.test_fwd_full" name="test_fwd_batched[in_only-bf16-B4_T256-H96]" time="2.955" /><testcase classname="tests.test_fwd_full" name="test_fwd_batched[in_only-bf16-B8_T128-H1]" time="0.034" /><testcase classname="tests.test_fwd_full" name="test_fwd_batched[in_only-bf16-B8_T128-H4]" time="0.126" /><testcase classname="tests.test_fwd_full" name="test_fwd_batched[in_only-bf16-B8_T128-H96]" time="2.943" /><testcase classname="tests.test_fwd_full" name="test_fwd_batched[in_only-fp32-B2_T64-H1]" time="0.007" /><testcase classname="tests.test_fwd_full" name="test_fwd_batched[in_only-fp32-B2_T64-H4]" time="0.018" /><testcase classname="tests.test_fwd_full" name="test_fwd_batched[in_only-fp32-B2_T64-H96]" time="0.370" /><testcase classname="tests.test_fwd_full" name="test_fwd_batched[in_only-fp32-B2_T1024-H1]" time="0.064" /><testcase classname="tests.test_fwd_full" name="test_fwd_batched[in_only-fp32-B2_T1024-H4]" time="0.247" /><testcase classname="tests.test_fwd_full" name="test_fwd_batched[in_only-fp32-B2_T1024-H96]" time="5.811" /><testcase classname="tests.test_fwd_full" name="test_fwd_batched[in_only-fp32-B4_T256-H1]" time="0.034" /><testcase classname="tests.test_fwd_full" name="test_fwd_batched[in_only-fp32-B4_T256-H4]" time="0.125" /><testcase classname="tests.test_fwd_full" name="test_fwd_batched[in_only-fp32-B4_T256-H96]" time="2.923" /><testcase classname="tests.test_fwd_full" name="test_fwd_batched[in_only-fp32-B8_T128-H1]" time="0.034" /><testcase classname="tests.test_fwd_full" name="test_fwd_batched[in_only-fp32-B8_T128-H4]" time="0.125" /><testcase classname="tests.test_fwd_full" name="test_fwd_batched[in_only-fp32-B8_T128-H96]" time="2.914" /><testcase classname="tests.test_fwd_full" name="test_fwd_batched[out_only-bf16-B2_T64-H1]" time="0.006" /><testcase classname="tests.test_fwd_full" name="test_fwd_batched[out_only-bf16-B2_T64-H4]" time="0.018" /><testcase classname="tests.test_fwd_full" name="test_fwd_batched[out_only-bf16-B2_T64-H96]" time="0.365" /><testcase classname="tests.test_fwd_full" name="test_fwd_batched[out_only-bf16-B2_T1024-H1]" time="0.064" /><testcase classname="tests.test_fwd_full" name="test_fwd_batched[out_only-bf16-B2_T1024-H4]" time="0.246" /><testcase classname="tests.test_fwd_full" name="test_fwd_batched[out_only-bf16-B2_T1024-H96]" time="5.780" /><testcase classname="tests.test_fwd_full" name="test_fwd_batched[out_only-bf16-B4_T256-H1]" time="0.034" /><testcase classname="tests.test_fwd_full" name="test_fwd_batched[out_only-bf16-B4_T256-H4]" time="0.124" /><testcase classname="tests.test_fwd_full" name="test_fwd_batched[out_only-bf16-B4_T256-H96]" time="2.900" /><testcase classname="tests.test_fwd_full" name="test_fwd_batched[out_only-bf16-B8_T128-H1]" time="0.034" /><testcase classname="tests.test_fwd_full" name="test_fwd_batched[out_only-bf16-B8_T128-H4]" time="0.124" /><testcase classname="tests.test_fwd_full" name="test_fwd_batched[out_only-bf16-B8_T128-H96]" time="2.888" /><testcase classname="tests.test_fwd_full" name="test_fwd_batched[out_only-fp32-B2_T64-H1]" time="0.006" /><testcase classname="tests.test_fwd_full" name="test_fwd_batched[out_only-fp32-B2_T64-H4]" time="0.017" /><testcase classname="tests.test_fwd_full" name="test_fwd_batched[out_only-fp32-B2_T64-H96]" time="0.364" /><testcase classname="tests.test_fwd_full" name="test_fwd_batched[out_only-fp32-B2_T1024-H1]" time="0.064" /><testcase classname="tests.test_fwd_full" name="test_fwd_batched[out_only-fp32-B2_T1024-H4]" time="0.245" /><testcase classname="tests.test_fwd_full" name="test_fwd_batched[out_only-fp32-B2_T1024-H96]" time="5.765" /><testcase classname="tests.test_fwd_full" name="test_fwd_batched[out_only-fp32-B4_T256-H1]" time="0.034" /><testcase classname="tests.test_fwd_full" name="test_fwd_batched[out_only-fp32-B4_T256-H4]" time="0.123" /><testcase classname="tests.test_fwd_full" name="test_fwd_batched[out_only-fp32-B4_T256-H96]" time="2.885" /><testcase classname="tests.test_fwd_full" name="test_fwd_batched[out_only-fp32-B8_T128-H1]" time="0.034" /><testcase classname="tests.test_fwd_full" name="test_fwd_batched[out_only-fp32-B8_T128-H4]" time="0.123" /><testcase classname="tests.test_fwd_full" name="test_fwd_batched[out_only-fp32-B8_T128-H96]" time="2.879" /><testcase classname="tests.test_fwd_full" name="test_fwd_batched[no_state-bf16-B2_T64-H1]" time="0.006" /><testcase classname="tests.test_fwd_full" name="test_fwd_batched[no_state-bf16-B2_T64-H4]" time="0.017" /><testcase classname="tests.test_fwd_full" name="test_fwd_batched[no_state-bf16-B2_T64-H96]" time="0.361" /><testcase classname="tests.test_fwd_full" name="test_fwd_batched[no_state-bf16-B2_T1024-H1]" time="0.063" /><testcase classname="tests.test_fwd_full" name="test_fwd_batched[no_state-bf16-B2_T1024-H4]" time="0.242" /><testcase classname="tests.test_fwd_full" name="test_fwd_batched[no_state-bf16-B2_T1024-H96]" time="5.743" /><testcase classname="tests.test_fwd_full" name="test_fwd_batched[no_state-bf16-B4_T256-H1]" time="0.033" /><testcase classname="tests.test_fwd_full" name="test_fwd_batched[no_state-bf16-B4_T256-H4]" time="0.123" /><testcase classname="tests.test_fwd_full" name="test_fwd_batched[no_state-bf16-B4_T256-H96]" time="2.877" /><testcase classname="tests.test_fwd_full" name="test_fwd_batched[no_state-bf16-B8_T128-H1]" time="0.034" /><testcase classname="tests.test_fwd_full" name="test_fwd_batched[no_state-bf16-B8_T128-H4]" time="0.123" /><testcase classname="tests.test_fwd_full" name="test_fwd_batched[no_state-bf16-B8_T128-H96]" time="2.879" /><testcase classname="tests.test_fwd_full" name="test_fwd_batched[no_state-fp32-B2_T64-H1]" time="0.006" /><testcase classname="tests.test_fwd_full" name="test_fwd_batched[no_state-fp32-B2_T64-H4]" time="0.017" /><testcase classname="tests.test_fwd_full" name="test_fwd_batched[no_state-fp32-B2_T64-H96]" time="0.365" /><testcase classname="tests.test_fwd_full" name="test_fwd_batched[no_state-fp32-B2_T1024-H1]" time="0.064" /><testcase classname="tests.test_fwd_full" name="test_fwd_batched[no_state-fp32-B2_T1024-H4]" time="0.243" /><testcase classname="tests.test_fwd_full" name="test_fwd_batched[no_state-fp32-B2_T1024-H96]" time="5.784" /><testcase classname="tests.test_fwd_full" name="test_fwd_batched[no_state-fp32-B4_T256-H1]" time="0.034" /><testcase classname="tests.test_fwd_full" name="test_fwd_batched[no_state-fp32-B4_T256-H4]" time="0.124" /><testcase classname="tests.test_fwd_full" name="test_fwd_batched[no_state-fp32-B4_T256-H96]" time="2.880" /><testcase classname="tests.test_fwd_full" name="test_fwd_batched[no_state-fp32-B8_T128-H1]" time="0.034" /><testcase classname="tests.test_fwd_full" name="test_fwd_batched[no_state-fp32-B8_T128-H4]" time="0.123" /><testcase classname="tests.test_fwd_full" name="test_fwd_batched[no_state-fp32-B8_T128-H96]" time="2.886" /></testsuite></testsuites>